<?xml version="1.0" encoding="UTF-8"?>
<!-- Generated by org.testng.reporters.JUnitReportReporter -->
<testsuite hostname="DESKTOP-MC7TA2J" failures="0" tests="3" name="com.neurotrack.automation.API.Test.APIValidation" time="4.263" errors="0" timestamp="29 Aug 2022 20:44:18 GMT" skipped="0">
  <testcase classname="com.neurotrack.automation.API.Test.APIValidation" name="getUserDetails" time="2.245"/>
  <testcase classname="com.neurotrack.automation.API.Test.APIValidation" name="verifyStatusCode" time="0.530"/>
  <testcase classname="com.neurotrack.automation.API.Test.APIValidation" name="verifyFirstNameNotNull" time="1.488"/>
</testsuite> <!-- com.neurotrack.automation.API.Test.APIValidation -->
